<?xml version="1.0" encoding="UTF-8"?>
<!-- Generated by org.testng.reporters.JUnitReportReporter -->
<testsuite hostname="DESKTOP-I05LRQH" failures="0" tests="3" name="com.testng.Simple_Annotation" time="0.013" errors="0" timestamp="2022-12-27T11:12:40 IST" skipped="0">
  <testcase classname="com.testng.Simple_Annotation" name="men" time="0.009"/>
  <system-out/>
  <testcase classname="com.testng.Simple_Annotation" name="women" time="0.003"/>
  <system-out/>
  <testcase classname="com.testng.Simple_Annotation" name="kids" time="0.001"/>
  <system-out/>
</testsuite> <!-- com.testng.Simple_Annotation -->
