<?xml version="1.0" encoding="UTF-8"?>
<!-- Generated by org.testng.reporters.JUnitReportReporter -->
<testsuite hostname="DESKTOP-I05LRQH" failures="0" tests="2" name="com.testng.Ignore_Concept" time="0.012" errors="0" timestamp="2022-12-27T11:29:25 IST" skipped="1">
  <testcase classname="com.testng.Ignore_Concept" name="four" time="0.012"/>
  <system-out/>
  <testcase classname="com.testng.Ignore_Concept" name="three">
    <skipped/>
  </testcase> <!-- three -->
  <system-out/>
</testsuite> <!-- com.testng.Ignore_Concept -->
