<?xml version="1.0" encoding="UTF-8"?>
<!-- Generated by org.testng.reporters.JUnitReportReporter -->
<testsuite hostname="DESKTOP-I05LRQH" failures="0" tests="4" name="com.testng.Grouping_Concepts" time="0.017" errors="0" timestamp="2022-12-27T11:46:25 IST" skipped="0">
  <testcase classname="com.testng.Grouping_Concepts" name="two" time="0.002"/>
  <system-out/>
  <testcase classname="com.testng.Grouping_Concepts" name="four" time="0.013"/>
  <system-out/>
  <testcase classname="com.testng.Grouping_Concepts" name="one" time="0.001"/>
  <system-out/>
  <testcase classname="com.testng.Grouping_Concepts" name="three" time="0.001"/>
  <system-out/>
</testsuite> <!-- com.testng.Grouping_Concepts -->
